<?xml version="1.0" encoding="UTF-8" ?>
<testsuite tests="35" failures="0" name="test.ClientServiceTest" time="0.019" errors="0" skipped="0">
  <properties>
    <property name="java.runtime.name" value="OpenJDK Runtime Environment"/>
    <property name="java.vm.version" value="16.0.1+0"/>
    <property name="sun.boot.library.path" value="/usr/local/Cellar/openjdk/16.0.1/libexec/openjdk.jdk/Contents/Home/lib"/>
    <property name="maven.multiModuleProjectDirectory" value="/Users/hai/Desktop/my-springtool-workspace/RESTfulAPI"/>
    <property name="java.vm.vendor" value="Homebrew"/>
    <property name="java.vendor.url" value="https://github.com/Homebrew/homebrew-core/issues"/>
    <property name="guice.disable.misplaced.annotation.check" value="true"/>
    <property name="path.separator" value=":"/>
    <property name="java.vm.name" value="OpenJDK 64-Bit Server VM"/>
    <property name="user.country" value="US"/>
    <property name="sun.java.launcher" value="SUN_STANDARD"/>
    <property name="java.vm.specification.name" value="Java Virtual Machine Specification"/>
    <property name="user.dir" value="/Users/hai/Desktop/my-springtool-workspace/RESTfulAPI"/>
    <property name="java.vm.compressedOopsMode" value="Zero based"/>
    <property name="java.runtime.version" value="16.0.1+0"/>
    <property name="os.arch" value="x86_64"/>
    <property name="java.io.tmpdir" value="/var/folders/_8/83ntsvhn4gqc3c10xpg_9cdw0000gn/T/"/>
    <property name="line.separator" value="
"/>
    <property name="java.vm.specification.vendor" value="Oracle Corporation"/>
    <property name="os.name" value="Mac OS X"/>
    <property name="classworlds.conf" value="/usr/local/Cellar/maven/3.8.1/libexec/bin/m2.conf"/>
    <property name="sun.jnu.encoding" value="UTF-8"/>
    <property name="java.library.path" value="/Users/hai/Library/Java/Extensions:/Library/Java/Extensions:/Network/Library/Java/Extensions:/System/Library/Java/Extensions:/usr/lib/java:."/>
    <property name="maven.conf" value="/usr/local/Cellar/maven/3.8.1/libexec/conf"/>
    <property name="jdk.debug" value="release"/>
    <property name="java.class.version" value="60.0"/>
    <property name="java.specification.name" value="Java Platform API Specification"/>
    <property name="sun.management.compiler" value="HotSpot 64-Bit Tiered Compilers"/>
    <property name="os.version" value="11.5.1"/>
    <property name="library.jansi.path" value="/usr/local/Cellar/maven/3.8.1/libexec/lib/jansi-native"/>
    <property name="http.nonProxyHosts" value="local|*.local|169.254/16|*.169.254/16"/>
    <property name="user.home" value="/Users/hai"/>
    <property name="user.timezone" value="America/Los_Angeles"/>
    <property name="file.encoding" value="UTF-8"/>
    <property name="java.specification.version" value="16"/>
    <property name="user.name" value="hai"/>
    <property name="java.class.path" value="/usr/local/Cellar/maven/3.8.1/libexec/boot/plexus-classworlds-2.6.0.jar"/>
    <property name="java.vm.specification.version" value="16"/>
    <property name="sun.arch.data.model" value="64"/>
    <property name="sun.java.command" value="org.codehaus.plexus.classworlds.launcher.Launcher package"/>
    <property name="java.home" value="/usr/local/Cellar/openjdk/16.0.1/libexec/openjdk.jdk/Contents/Home"/>
    <property name="user.language" value="en"/>
    <property name="java.specification.vendor" value="Oracle Corporation"/>
    <property name="java.vm.info" value="mixed mode, sharing"/>
    <property name="java.version" value="16.0.1"/>
    <property name="java.vendor" value="Homebrew"/>
    <property name="maven.home" value="/usr/local/Cellar/maven/3.8.1/libexec"/>
    <property name="file.separator" value="/"/>
    <property name="java.version.date" value="2021-04-20"/>
    <property name="java.vendor.url.bug" value="https://github.com/Homebrew/homebrew-core/issues"/>
    <property name="sun.io.unicode.encoding" value="UnicodeBig"/>
    <property name="sun.cpu.endian" value="little"/>
    <property name="java.vendor.version" value="Homebrew"/>
    <property name="socksNonProxyHosts" value="local|*.local|169.254/16|*.169.254/16"/>
    <property name="ftp.nonProxyHosts" value="local|*.local|169.254/16|*.169.254/16"/>
  </properties>
  <testcase classname="test.ClientServiceTest" name="test_client_with_account_int_string" time="0"/>
  <testcase classname="test.ClientServiceTest" name="test_delete_client_id_string" time="0"/>
  <testcase classname="test.ClientServiceTest" name="test_delete_client_positive" time="0.001"/>
  <testcase classname="test.ClientServiceTest" name="test_edit_client_client_id_null" time="0"/>
  <testcase classname="test.ClientServiceTest" name="test_client_with_account_no_account" time="0"/>
  <testcase classname="test.ClientServiceTest" name="test_edit_client_positive" time="0"/>
  <testcase classname="test.ClientServiceTest" name="test_get_client_by_id_postive" time="0.001"/>
  <testcase classname="test.ClientServiceTest" name="test_get_all_clients_no_client" time="0.001"/>
  <testcase classname="test.ClientServiceTest" name="test_add_client_first_name_null" time="0"/>
  <testcase classname="test.ClientServiceTest" name="test_get_client_by_id_id_client_not_exist" time="0.001"/>
  <testcase classname="test.ClientServiceTest" name="test_get_all_clients_databaseException" time="0.001"/>
  <testcase classname="test.ClientServiceTest" name="test_get_client_by_id_id_space" time="0"/>
  <testcase classname="test.ClientServiceTest" name="test_edit_client_database_exception" time="0.001"/>
  <testcase classname="test.ClientServiceTest" name="test_add_client_first_name_number" time="0"/>
  <testcase classname="test.ClientServiceTest" name="test_edit_client_client_id_negative" time="0"/>
  <testcase classname="test.ClientServiceTest" name="test_edit_client_first_name_non_alpha" time="0.001"/>
  <testcase classname="test.ClientServiceTest" name="test_add_client_last_name_number" time="0"/>
  <testcase classname="test.ClientServiceTest" name="test_get_client_by_id_id_string" time="0"/>
  <testcase classname="test.ClientServiceTest" name="test_get_client_by_id_id_negative" time="0.001"/>
  <testcase classname="test.ClientServiceTest" name="test_client_with_account_int_null" time="0"/>
  <testcase classname="test.ClientServiceTest" name="test_client_with_account_positive" time="0.001"/>
  <testcase classname="test.ClientServiceTest" name="test_client_with_account_negative" time="0"/>
  <testcase classname="test.ClientServiceTest" name="test_get_client_by_id_negative" time="0.001"/>
  <testcase classname="test.ClientServiceTest" name="test_delete_client_database_exception" time="0.001"/>
  <testcase classname="test.ClientServiceTest" name="test_edit_client_last_name_non_alphabetic" time="0.001"/>
  <testcase classname="test.ClientServiceTest" name="test_add_client_last_name_null" time="0"/>
  <testcase classname="test.ClientServiceTest" name="test_get_client_by_id_id_null" time="0"/>
  <testcase classname="test.ClientServiceTest" name="test_edit_client_last_name_null" time="0.001"/>
  <testcase classname="test.ClientServiceTest" name="test_delete_client_id_null" time="0"/>
  <testcase classname="test.ClientServiceTest" name="test_client_with_account_int_negative" time="0.001"/>
  <testcase classname="test.ClientServiceTest" name="test_add_client_positive" time="0.001"/>
  <testcase classname="test.ClientServiceTest" name="test_edit_client_client_id_not_int" time="0.002"/>
  <testcase classname="test.ClientServiceTest" name="test_add_client_database_exception" time="0"/>
  <testcase classname="test.ClientServiceTest" name="test_edit_client_first_name_null" time="0"/>
  <testcase classname="test.ClientServiceTest" name="test_getAllClients_positive" time="0.002"/>
</testsuite>