<?xml version="1.0" encoding="UTF-8" ?>
<testsuite tests="80" failures="0" name="test.AccountServiceTest" time="1.156" errors="0" skipped="0">
  <properties>
    <property name="java.runtime.name" value="OpenJDK Runtime Environment"/>
    <property name="java.vm.version" value="16.0.1+0"/>
    <property name="sun.boot.library.path" value="/usr/local/Cellar/openjdk/16.0.1/libexec/openjdk.jdk/Contents/Home/lib"/>
    <property name="maven.multiModuleProjectDirectory" value="/Users/hai/Desktop/my-springtool-workspace/RESTfulAPI"/>
    <property name="java.vm.vendor" value="Homebrew"/>
    <property name="java.vendor.url" value="https://github.com/Homebrew/homebrew-core/issues"/>
    <property name="guice.disable.misplaced.annotation.check" value="true"/>
    <property name="path.separator" value=":"/>
    <property name="java.vm.name" value="OpenJDK 64-Bit Server VM"/>
    <property name="user.country" value="US"/>
    <property name="sun.java.launcher" value="SUN_STANDARD"/>
    <property name="java.vm.specification.name" value="Java Virtual Machine Specification"/>
    <property name="user.dir" value="/Users/hai/Desktop/my-springtool-workspace/RESTfulAPI"/>
    <property name="java.vm.compressedOopsMode" value="Zero based"/>
    <property name="java.runtime.version" value="16.0.1+0"/>
    <property name="os.arch" value="x86_64"/>
    <property name="java.io.tmpdir" value="/var/folders/_8/83ntsvhn4gqc3c10xpg_9cdw0000gn/T/"/>
    <property name="line.separator" value="
"/>
    <property name="java.vm.specification.vendor" value="Oracle Corporation"/>
    <property name="os.name" value="Mac OS X"/>
    <property name="classworlds.conf" value="/usr/local/Cellar/maven/3.8.1/libexec/bin/m2.conf"/>
    <property name="sun.jnu.encoding" value="UTF-8"/>
    <property name="java.library.path" value="/Users/hai/Library/Java/Extensions:/Library/Java/Extensions:/Network/Library/Java/Extensions:/System/Library/Java/Extensions:/usr/lib/java:."/>
    <property name="maven.conf" value="/usr/local/Cellar/maven/3.8.1/libexec/conf"/>
    <property name="jdk.debug" value="release"/>
    <property name="java.class.version" value="60.0"/>
    <property name="java.specification.name" value="Java Platform API Specification"/>
    <property name="sun.management.compiler" value="HotSpot 64-Bit Tiered Compilers"/>
    <property name="os.version" value="11.5.1"/>
    <property name="library.jansi.path" value="/usr/local/Cellar/maven/3.8.1/libexec/lib/jansi-native"/>
    <property name="http.nonProxyHosts" value="local|*.local|169.254/16|*.169.254/16"/>
    <property name="user.home" value="/Users/hai"/>
    <property name="user.timezone" value="America/Los_Angeles"/>
    <property name="file.encoding" value="UTF-8"/>
    <property name="java.specification.version" value="16"/>
    <property name="user.name" value="hai"/>
    <property name="java.class.path" value="/usr/local/Cellar/maven/3.8.1/libexec/boot/plexus-classworlds-2.6.0.jar"/>
    <property name="java.vm.specification.version" value="16"/>
    <property name="sun.arch.data.model" value="64"/>
    <property name="sun.java.command" value="org.codehaus.plexus.classworlds.launcher.Launcher package"/>
    <property name="java.home" value="/usr/local/Cellar/openjdk/16.0.1/libexec/openjdk.jdk/Contents/Home"/>
    <property name="user.language" value="en"/>
    <property name="java.specification.vendor" value="Oracle Corporation"/>
    <property name="java.vm.info" value="mixed mode, sharing"/>
    <property name="java.version" value="16.0.1"/>
    <property name="java.vendor" value="Homebrew"/>
    <property name="maven.home" value="/usr/local/Cellar/maven/3.8.1/libexec"/>
    <property name="file.separator" value="/"/>
    <property name="java.version.date" value="2021-04-20"/>
    <property name="java.vendor.url.bug" value="https://github.com/Homebrew/homebrew-core/issues"/>
    <property name="sun.io.unicode.encoding" value="UnicodeBig"/>
    <property name="sun.cpu.endian" value="little"/>
    <property name="java.vendor.version" value="Homebrew"/>
    <property name="socksNonProxyHosts" value="local|*.local|169.254/16|*.169.254/16"/>
    <property name="ftp.nonProxyHosts" value="local|*.local|169.254/16|*.169.254/16"/>
  </properties>
  <testcase classname="test.AccountServiceTest" name="delete_account_client_id_null" time="1.054"/>
  <testcase classname="test.AccountServiceTest" name="get_account_by_balance_max_negative" time="0.023"/>
  <testcase classname="test.AccountServiceTest" name="get_account_by_balance_DatabaseException" time="0.007"/>
  <testcase classname="test.AccountServiceTest" name="get_all_account_client_not_exist" time="0.001"/>
  <testcase classname="test.AccountServiceTest" name="delete_account_account_id_null" time="0.001"/>
  <testcase classname="test.AccountServiceTest" name="get_all_account_SQLExceptionEncounter" time="0.002"/>
  <testcase classname="test.AccountServiceTest" name="add_account_bad_balance_decimal_number" time="0.001"/>
  <testcase classname="test.AccountServiceTest" name="get_account_by_balance_max_string" time="0.002"/>
  <testcase classname="test.AccountServiceTest" name="get_account_greater_than_max_string" time="0.001"/>
  <testcase classname="test.AccountServiceTest" name="get_account_less_than_positive" time="0.002"/>
  <testcase classname="test.AccountServiceTest" name="get_account_less_than_max_string" time="0.001"/>
  <testcase classname="test.AccountServiceTest" name="get_account_by_balance_min_negative" time="0.001"/>
  <testcase classname="test.AccountServiceTest" name="get_account_less_than_max_negative" time="0.001"/>
  <testcase classname="test.AccountServiceTest" name="delete_account_client_id_string" time="0"/>
  <testcase classname="test.AccountServiceTest" name="get_account_less_than_client_id_null" time="0.001"/>
  <testcase classname="test.AccountServiceTest" name="get_account_by_client_id_string" time="0.002"/>
  <testcase classname="test.AccountServiceTest" name="get_account_by_balance_min_more_than_one_decimal" time="0.001"/>
  <testcase classname="test.AccountServiceTest" name="get_account_by_balance_min_max_bad_decimal_exception" time="0.002"/>
  <testcase classname="test.AccountServiceTest" name="get_account_by_balance_max_more_than_one_decimal" time="0.001"/>
  <testcase classname="test.AccountServiceTest" name="get_accountByid_client_id_null" time="0.001"/>
  <testcase classname="test.AccountServiceTest" name="get_account_by_id_client_id_not_int" time="0"/>
  <testcase classname="test.AccountServiceTest" name="add_account_bad_account_type" time="0"/>
  <testcase classname="test.AccountServiceTest" name="edit_account_account_type_unknown" time="0.001"/>
  <testcase classname="test.AccountServiceTest" name="delete_account_not_exist" time="0.001"/>
  <testcase classname="test.AccountServiceTest" name="get_account_Greater_than_max_negative" time="0.001"/>
  <testcase classname="test.AccountServiceTest" name="edit_account_client_id_string" time="0.001"/>
  <testcase classname="test.AccountServiceTest" name="delete_account_positive" time="0.008"/>
  <testcase classname="test.AccountServiceTest" name="get_account_greater_than_DatabaseException" time="0.001"/>
  <testcase classname="test.AccountServiceTest" name="edit_account_account_id_null" time="0.001"/>
  <testcase classname="test.AccountServiceTest" name="edit_account_account_type_null" time="0"/>
  <testcase classname="test.AccountServiceTest" name="get_accountByid_account_id_null" time="0.001"/>
  <testcase classname="test.AccountServiceTest" name="edit_account_client_id_null" time="0"/>
  <testcase classname="test.AccountServiceTest" name="get_account_by_balance_min_greater_than_max" time="0.001"/>
  <testcase classname="test.AccountServiceTest" name="delete_all_account_client_id_null" time="0"/>
  <testcase classname="test.AccountServiceTest" name="add_account_client_id_null" time="0.001"/>
  <testcase classname="test.AccountServiceTest" name="get_accountByid_account_id_not_int" time="0"/>
  <testcase classname="test.AccountServiceTest" name="add_account_client_not_exist" time="0.001"/>
  <testcase classname="test.AccountServiceTest" name="edit_account_account_id_stringl" time="0.001"/>
  <testcase classname="test.AccountServiceTest" name="delete_account_databaseException" time="0.003"/>
  <testcase classname="test.AccountServiceTest" name="get_account_by_id_positive" time="0.001"/>
  <testcase classname="test.AccountServiceTest" name="get_account_Greater_than_client_id_null" time="0.001"/>
  <testcase classname="test.AccountServiceTest" name="get_all_account_positive" time="0.001"/>
  <testcase classname="test.AccountServiceTest" name="get_account_by_balance_positive" time="0.001"/>
  <testcase classname="test.AccountServiceTest" name="add_account_negative_balance" time="0.001"/>
  <testcase classname="test.AccountServiceTest" name="get_account_by_client_id_null" time="0"/>
  <testcase classname="test.AccountServiceTest" name="get_all_account_integer_not_int" time="0.001"/>
  <testcase classname="test.AccountServiceTest" name="add_account_client_id_negative" time="0"/>
  <testcase classname="test.AccountServiceTest" name="delete_account_account_id_negative" time="0.001"/>
  <testcase classname="test.AccountServiceTest" name="get_account_Greater_than_client_id_string" time="0"/>
  <testcase classname="test.AccountServiceTest" name="get_account_by_balance_with_no_match_account" time="0.001"/>
  <testcase classname="test.AccountServiceTest" name="delete_account_account_id_string" time="0"/>
  <testcase classname="test.AccountServiceTest" name="edit_account_positive" time="0.001"/>
  <testcase classname="test.AccountServiceTest" name="edit_account_account_id_negative" time="0"/>
  <testcase classname="test.AccountServiceTest" name="get_account_by_balance_min_string" time="0.001"/>
  <testcase classname="test.AccountServiceTest" name="add_account_positive" time="0.001"/>
  <testcase classname="test.AccountServiceTest" name="get_account_Greater_than_client_id_negative" time="0"/>
  <testcase classname="test.AccountServiceTest" name="get_account_less_than_client_id_negative" time="0.001"/>
  <testcase classname="test.AccountServiceTest" name="edit_account_client_id_negative" time="0"/>
  <testcase classname="test.AccountServiceTest" name="delete_account_client_not_exist" time="0.001"/>
  <testcase classname="test.AccountServiceTest" name="get_accountByid_null" time="0"/>
  <testcase classname="test.AccountServiceTest" name="get_all_account_integer_null" time="0"/>
  <testcase classname="test.AccountServiceTest" name="get_account_less_than_DatabaseException" time="0.001"/>
  <testcase classname="test.AccountServiceTest" name="test_addAccount_SQLExceptionEncountered" time="0.002"/>
  <testcase classname="test.AccountServiceTest" name="get_account_by_balance_min_bad_decimal_exception" time="0.002"/>
  <testcase classname="test.AccountServiceTest" name="get_account_by_balance_max_bad_decimal_exception" time="0.001"/>
  <testcase classname="test.AccountServiceTest" name="delete_all_account_databaseException" time="0.001"/>
  <testcase classname="test.AccountServiceTest" name="edit_account_DatabaseException" time="0.001"/>
  <testcase classname="test.AccountServiceTest" name="delete_account_client_id_negative" time="0.001"/>
  <testcase classname="test.AccountServiceTest" name="get_accountByid_account_id_negative" time="0"/>
  <testcase classname="test.AccountServiceTest" name="get_account_by_id_client_id_negative" time="0.001"/>
  <testcase classname="test.AccountServiceTest" name="get_account_less_than_client_id_string" time="0"/>
  <testcase classname="test.AccountServiceTest" name="get_account_by_client_id_negative" time="0"/>
  <testcase classname="test.AccountServiceTest" name="edit_account_balance_decimal_more_than_two" time="0.001"/>
  <testcase classname="test.AccountServiceTest" name="delete_all_account_positive" time="0.001"/>
  <testcase classname="test.AccountServiceTest" name="delete_all_account_client_id_negative" time="0.001"/>
  <testcase classname="test.AccountServiceTest" name="get_accountByid_no_account" time="0"/>
  <testcase classname="test.AccountServiceTest" name="delete_all_account_client_id_string" time="0.001"/>
  <testcase classname="test.AccountServiceTest" name="add_account_client_id_not_int" time="0"/>
  <testcase classname="test.AccountServiceTest" name="get_account_Greater_than_positive" time="0.001"/>
  <testcase classname="test.AccountServiceTest" name="add_account_null_account_type" time="0.001"/>
</testsuite>